<?xml version="1.0" encoding="UTF-8"?>
<testng-results skipped="0" failed="0" ignored="0" total="1" passed="1">
  <reporter-output>
  </reporter-output>
  <suite name="Default suite" duration-ms="7667" started-at="2021-11-28T23:37:45Z" finished-at="2021-11-28T23:37:53Z">
    <groups>
    </groups>
    <test name="Default test" duration-ms="7667" started-at="2021-11-28T23:37:45Z" finished-at="2021-11-28T23:37:53Z">
      <class name="Base.DriverScript">
        <test-method status="PASS" signature="initapp()[pri:0, instance:Base.DriverScript@77cd7a0]" name="initapp" duration-ms="7613" started-at="2021-11-28T23:37:45Z" finished-at="2021-11-28T23:37:53Z">
          <reporter-output>
          </reporter-output>
        </test-method> <!-- initapp -->
      </class> <!-- Base.DriverScript -->
    </test> <!-- Default test -->
  </suite> <!-- Default suite -->
</testng-results>
